<?xml version="1.0" encoding="UTF-8"?>
<!-- Generated by org.testng.reporters.JUnitReportReporter -->
<testsuite hostname="DESKTOP-H1FD7QU" failures="0" tests="5" name="testRunner.TestRunner" time="1618.900" errors="0" timestamp="2024-08-19T11:12:53 IST" skipped="0">
  <testcase classname="testRunner.TestRunner" name="runScenario" time="321.945"/>
  <testcase classname="testRunner.TestRunner" name="runScenario" time="323.929"/>
  <testcase classname="testRunner.TestRunner" name="runScenario" time="322.572"/>
  <testcase classname="testRunner.TestRunner" name="runScenario" time="325.544"/>
  <testcase classname="testRunner.TestRunner" name="runScenario" time="324.910"/>
</testsuite> <!-- testRunner.TestRunner -->
